<?xml version="1.0" encoding="UTF-8"?>
<testng-results ignored="0" total="1" passed="1" failed="0" skipped="0">
  <reporter-output>
  </reporter-output>
  <suite started-at="2024-10-19T19:11:18 IST" name="Suite" finished-at="2024-10-19T19:11:29 IST" duration-ms="10484">
    <groups>
      <group name="sanity">
        <method signature="TC_001LoginTest.verify_Login()[pri:0, instance:TestCases.TC_001LoginTest@39fcbef6]" name="verify_Login" class="TestCases.TC_001LoginTest"/>
      </group> <!-- sanity -->
      <group name="master">
        <method signature="TC_001LoginTest.verify_Login()[pri:0, instance:TestCases.TC_001LoginTest@39fcbef6]" name="verify_Login" class="TestCases.TC_001LoginTest"/>
      </group> <!-- master -->
    </groups>
    <test started-at="2024-10-19T19:11:18 IST" name="Test" finished-at="2024-10-19T19:11:29 IST" duration-ms="10484">
      <class name="TestCases.TC_001LoginTest">
        <test-method is-config="true" signature="openbrowser(java.lang.String,java.lang.String)[pri:0, instance:TestCases.TC_001LoginTest@39fcbef6]" started-at="2024-10-19T19:11:19 IST" name="openbrowser" finished-at="2024-10-19T19:11:26 IST" duration-ms="7870" status="PASS">
          <params>
            <param index="0">
              <value>
                <![CDATA[chrome]]>
              </value>
            </param>
            <param index="1">
              <value>
                <![CDATA[windows]]>
              </value>
            </param>
          </params>
          <reporter-output>
          </reporter-output>
        </test-method> <!-- openbrowser -->
        <test-method signature="verify_Login()[pri:0, instance:TestCases.TC_001LoginTest@39fcbef6]" started-at="2024-10-19T19:11:26 IST" name="verify_Login" finished-at="2024-10-19T19:11:29 IST" duration-ms="2141" status="PASS">
          <reporter-output>
          </reporter-output>
        </test-method> <!-- verify_Login -->
        <test-method is-config="true" signature="closebrowser()[pri:0, instance:TestCases.TC_001LoginTest@39fcbef6]" started-at="2024-10-19T19:11:29 IST" name="closebrowser" finished-at="2024-10-19T19:11:29 IST" duration-ms="232" status="PASS">
          <reporter-output>
          </reporter-output>
        </test-method> <!-- closebrowser -->
      </class> <!-- TestCases.TC_001LoginTest -->
    </test> <!-- Test -->
  </suite> <!-- Suite -->
</testng-results>
